10000 2830925.253948 8785331.308022
20000 2750761.479547 8252387.725233
30000 3455010.352363 7499671.889355
40000 2356003.842878 6085936.465866
50000 2664019.412816 5706039.671811
60000 3094095.146314 5099371.018082
70000 1920282.964119 5270188.643391
80000 2067081.123322 5174883.238463
90000 2337159.271717 4770711.647056
100000 2358576.787595 4922389.908904
110000 2430640.674014 4597365.450473
120000 2714767.582300 4659593.042016
130000 2769290.671118 4345380.030392
140000 1821393.976559 4834444.783700
150000 1880260.687364 4593050.377954
160000 1974450.292369 4758843.947127
170000 1940865.327043 4519775.453302
180000 2065388.549155 4691878.108760
190000 2098267.012561 4426897.362385
200000 2236455.697216 4569346.933629
210000 2235066.950952 4345865.948454
220000 2296648.336142 4314874.939038
230000 2401468.880367 4431134.088275
240000 2364695.568107 4221630.834285
250000 2414541.388142 4358530.258268
260000 2352499.928384 4060599.639369
270000 1533421.901511 4480532.980307
280000 1648019.153373 4637839.710164
290000 1668071.719905 4413565.852564
300000 1763713.865927 4601126.150165
310000 1723129.373254 4382195.158036
320000 1779029.997459 4555676.992820
330000 1803718.549441 4343762.294164
340000 1885264.812918 4536316.838676
350000 1840440.962082 4297447.140817
360000 1952317.815301 4490359.982930
370000 1931545.041417 4255692.103207
380000 2022900.996005 4434013.984040
390000 1928756.635838 4185125.215083
400000 2059623.102360 4419098.606186
410000 2104712.787659 4366409.767706
420000 2071090.650094 3999614.779959
430000 2163694.912214 4331446.212877
440000 2139197.462181 3900728.550596
450000 2127170.134244 4287026.810008
460000 2096488.294146 3822029.521771
470000 2253176.078198 4228196.331781
480000 2230859.324595 3801859.080576
490000 2282845.540877 4204120.554650
500000 2237470.924681 3762324.028486
510000 2333304.953940 4139790.799812
520000 2284016.122237 3721011.575602
530000 1536084.152834 4520742.638600
540000 1496765.149582 4301476.431601
550000 1542513.429998 4516415.004769
560000 1494708.002332 4224348.128771
570000 1612685.481323 4399127.836633
580000 1566457.402272 4152478.940793
590000 1639933.202908 4464405.668164
600000 1563268.472656 4165696.580076
610000 1687124.801940 4448978.869640
620000 1635087.168884 4101006.357856
630000 1724227.539904 4433891.875619
640000 1665501.934322 4064560.513869
650000 1744195.185595 4396225.619818
660000 1699028.294569 3979661.829683
670000 1787711.987154 4373083.210727
680000 1733079.041364 3952139.313934
690000 1822012.196734 4362088.715250
700000 1756415.932722 3866595.901333
710000 1852087.304610 4353733.487431
720000 1869276.081921 4336827.750363
730000 1807737.543610 3895574.587246
740000 1877380.853489 4328765.859435
750000 1913781.407076 4303947.331437
760000 1824161.664503 3800597.853045
770000 1938906.950674 4284469.929387
780000 1884845.116936 3869520.848395
790000 1953886.473730 4202243.534205
800000 1902494.959714 3821171.321987
810000 2002156.173891 4233103.594440
820000 1926356.698959 3815241.265389
830000 1920309.777155 3790344.795336
840000 2022562.815058 4206528.890393
850000 1943554.112468 3769339.884286
860000 2063319.865397 4179851.384120
870000 1989083.766538 3771324.793488
880000 2080879.486742 4194078.484487
890000 1987685.750769 3726424.706058
900000 2106627.109016 4136888.614633
910000 2015978.624424 3709844.818047
920000 2129412.690783 4116135.584361
930000 2053403.917849 3685555.695743
940000 2131993.862979 4111995.733113
950000 2048077.211217 3664398.847365
960000 2168264.493522 4066543.649485
970000 2059004.916632 3675522.898455
980000 2195757.203780 3971208.495274
990000 2114122.723539 3629250.651681
1000000 2171337.902810 4069669.452738
