10000 5935810.149048 8066584.817719
20000 5513542.362751 7136515.838783
30000 4565469.980894 5599938.176683
40000 5304703.494924 4499916.920284
50000 5326931.356204 4242610.094459
60000 4329507.563974 3285705.390840
70000 4485911.642024 3708244.439209
80000 4481829.877357 3603384.478872
90000 4349446.308236 2996087.608931
100000 4275770.797477 2936900.257434
110000 3245240.493415 2756698.501689
120000 3506515.661297 3328950.030851
130000 3323137.351478 2687422.721092
140000 3598642.478957 3271030.635865
150000 3384268.224645 2595950.034123
160000 3634102.316197 3227521.397710
170000 3427865.392001 2513611.130341
180000 3440050.713992 2470814.431088
190000 3654261.193589 3166665.980556
200000 3454788.495775 2441766.792128
210000 3462356.852360 2421581.857066
220000 3664279.510708 3104227.339613
230000 2622878.822303 2409060.001232
240000 2926946.310451 3106943.399699
250000 2709775.069159 2399215.345259
260000 2991802.507158 3089551.738483
270000 2735273.679074 2383354.062040
280000 3038032.686346 3073012.482807
290000 3059674.724714 3060726.524022
300000 3090487.432296 3055137.720211
310000 2840436.977589 2358712.440053
320000 3120763.076504 3038089.198356
330000 2877318.540010 2354456.119994
340000 3170834.440988 3026021.237222
350000 2936258.533638 2334078.246625
360000 3132816.104234 3010443.479300
370000 2948857.282735 2328029.835980
380000 2920114.825985 2315222.404529
390000 3219260.541962 2989519.847238
400000 2951420.133719 2307141.513151
410000 3166471.631322 2973100.510557
420000 3213127.529353 2962941.077959
430000 2957967.183143 2291600.602175
440000 3213615.492864 2953845.248276
450000 2951049.137972 2259580.372224
460000 2517430.070130 2967612.834753
470000 2326666.777918 2276835.628846
480000 2562883.209439 2959690.677794
490000 2394802.625353 2284651.021118
500000 2600994.185290 2954897.484914
510000 2349761.014792 2268870.536583
520000 2611731.820988 2951087.886201
530000 2397143.838395 2276674.422838
540000 2637760.446422 2953194.298550
550000 2426378.214589 2266388.044887
560000 2684361.221662 2940223.831890
570000 2444514.076404 2249260.277486
580000 2702255.911257 2923854.456635
590000 2465063.192083 2253356.307383
600000 2731067.508334 2921709.535296
610000 2498396.838137 2244370.735548
620000 2754136.697773 2915266.527631
630000 2511505.175309 2232803.030800
640000 2771490.596027 2910316.708031
650000 2538574.697006 2247953.232530
660000 2788778.935552 2908659.600545
670000 2556341.928727 2229483.409361
680000 2809095.161077 2904193.215530
690000 2569495.831775 2233790.747528
700000 2826226.831052 2893671.897961
710000 2568882.568971 2228633.502068
720000 2838214.746683 2889238.385967
730000 2603191.760580 2214423.172112
740000 2813520.749605 2831232.521180
750000 2611054.010648 2230302.618522
760000 2868910.058450 2874834.850195
770000 2616919.974098 2216178.871930
780000 2878848.733333 2847281.833637
790000 2626552.965649 2203332.602478
800000 2880712.839306 2861785.163269
810000 2643206.910922 2204398.676169
820000 2894495.167550 2849659.908381
830000 2632280.824937 2196244.571022
840000 2904960.392439 2827085.352982
850000 2644001.909032 2195072.843944
860000 2916474.727587 2840289.597777
870000 2661084.221756 2180191.346273
880000 2921423.420404 2836021.202507
890000 2921158.330523 2830430.183886
900000 2668939.100266 2180297.713548
910000 2932691.910428 2823652.030177
920000 2060030.244155 2185553.470654
930000 2325992.576627 2859394.188639
940000 2077234.376162 2203402.415250
950000 2346891.184540 2852146.342800
960000 2090207.730810 2183111.213782
970000 2359607.845631 2846480.970700
980000 2369683.430847 2844782.740589
990000 2124494.967310 2181791.101163
1000000 2384541.018668 2787739.447200
