10000 2943861.445395 9892703.735287
20000 2722561.211344 8432424.866040
30000 3337080.503953 7488488.321328
40000 2347436.162501 6422901.497580
50000 2889217.630491 6147808.816425
60000 2843369.305430 5373650.038354
70000 2044710.576184 5367812.479919
80000 2100791.512592 4970136.932243
90000 2390489.358405 5054339.200747
100000 2331471.288246 4615810.832256
110000 2646832.745797 4770664.610828
120000 2603919.667256 4227927.724562
130000 2816188.116514 4535644.548933
140000 1732772.387054 4340601.950338
150000 1915539.080330 4754397.191406
160000 1962792.832896 4284512.518208
170000 2069161.680484 4649370.715878
180000 1971139.797571 4183092.470094
190000 2099579.497323 4144307.943543
200000 2192330.574336 4482418.497865
210000 2243601.249237 4063466.627358
220000 2276621.141557 4390108.120581
230000 2345994.704152 3922390.557203
240000 2459347.573823 4299283.438429
250000 2282790.623147 3623584.636900
260000 2422604.427412 4200636.079703
270000 1566836.937545 4110495.665033
280000 1663075.354431 4529572.950892
290000 1665765.544947 4031538.475259
300000 1738332.585474 4487284.248008
310000 1668353.380904 3930521.515161
320000 1701570.205263 3899900.712184
330000 1799235.805669 4444748.543065
340000 1768157.365298 3778925.815441
350000 1966329.340434 4392951.301286
360000 1888371.014212 3709869.567994
370000 2028904.274783 4351947.754797
380000 1949272.701733 3655863.241237
390000 2086885.509004 4296147.361556
400000 1932213.254107 3605642.318227
410000 2138528.046764 4268906.411234
420000 2032116.262132 3575790.275405
430000 2047911.499133 3552923.476399
440000 2211169.112701 4185400.216815
450000 2099324.461181 3514343.582471
460000 2257201.861381 4150514.473412
470000 2123601.045054 3472654.610822
480000 2145196.201589 3458605.763386
490000 2320061.301133 4075207.946010
500000 2176602.046036 3428994.978031
510000 2325163.608086 4029279.335028
520000 2186165.008615 3385626.460890
530000 1560035.107736 4396282.059286
540000 1476777.190522 3710895.051806
550000 1580248.389188 4379903.775107
560000 1511490.881352 3686710.504112
570000 1636154.124088 4363351.898145
580000 1544470.285770 3665345.002241
590000 1653689.891147 4342973.957710
600000 1694738.388658 4339013.236652
610000 1593766.144149 3652666.548676
620000 1701557.393767 4327272.181351
630000 1624099.248777 3758443.141171
640000 1762203.428769 4298167.362175
650000 1652312.351398 3614425.157458
660000 1799902.317665 4276119.035570
670000 1648996.560981 3598712.238961
680000 1831175.062830 4257643.401265
690000 1709779.673851 3585109.344978
700000 1847052.778731 4235908.490967
710000 1738762.238835 3564254.344186
720000 1886772.630840 4218793.399189
730000 1745103.377976 3542803.877390
740000 1773122.977467 3538666.750970
750000 1929322.764184 4184500.893238
760000 1770536.647351 3525696.804567
770000 1950762.461588 4181804.868176
780000 1781204.396886 3518003.278039
790000 1908341.585481 4135274.935298
800000 1837900.666969 3482404.522143
810000 2017154.439181 4114532.868397
820000 1860508.502113 3462986.564921
830000 2040885.476769 4094566.267356
840000 1866725.862618 3445525.862843
850000 1879955.303687 3439325.425763
860000 2077169.569136 4061037.487886
870000 1901123.339911 3418853.840096
880000 1917797.464705 3406691.017565
890000 2110232.294466 4038893.179898
900000 1908537.577780 3388077.385796
910000 2130705.831194 3953050.325020
920000 1949624.987726 3374037.229479
930000 2150918.726773 3975728.986781
940000 1968488.321675 3352157.420879
950000 2168499.134795 3968329.223954
960000 1987652.454496 3335342.460248
970000 1988421.238635 3346373.980241
980000 2200531.281003 3931565.628145
990000 2208513.392147 3929953.431005
1000000 2005679.044111 3305667.584263
