10000 6806369.672995 10023143.438199
20000 6455425.769220 8425103.776216
30000 7008677.677455 6167392.911445
40000 5181517.630243 4663229.710929
50000 5476666.607154 4121569.823514
60000 5777300.102046 4580615.278932
70000 4245949.152211 3682161.112959
80000 3986349.145984 3591435.432096
90000 4563669.811187 4160933.247396
100000 4022542.974436 3572161.757629
110000 4702576.165275 4123547.634979
120000 4396488.846767 3126848.586370
130000 4820154.117383 3905560.659155
140000 3363157.897645 3084918.915551
150000 3691412.939244 3807350.404697
160000 3362121.074771 3110923.859419
170000 3844728.513090 3897640.709931
180000 3503771.985731 3020358.525282
190000 3958672.459607 3730008.919040
200000 3628364.148939 2918872.166476
210000 4035464.895356 3827457.905982
220000 3718881.372654 2858475.314993
230000 4032171.963789 3885701.515513
240000 4128757.930957 3681437.822356
250000 4072873.945952 3666044.680638
260000 3774261.972104 2891764.491630
270000 2865622.126882 3683726.385574
280000 2670421.100706 2884113.051752
290000 3054418.156355 3704719.923046
300000 2995461.546257 3783949.309408
310000 2778403.092746 2861591.748779
320000 3167314.423707 3771023.233569
330000 2844087.902690 2871460.331272
340000 3229196.771210 3828610.494555
350000 2905727.860421 2968069.248142
360000 3193992.851809 3693281.430692
370000 2989727.965380 2941367.729635
380000 3222556.812193 3665025.079429
390000 3051138.417687 2902473.302437
400000 3069672.510453 2906374.326292
410000 3403039.789362 3794875.642434
420000 2986677.349680 2788936.752725
430000 3130764.770914 2887782.963527
440000 3519277.309366 3762841.573440
450000 3011802.571603 2746769.044242
460000 3437078.586613 3556797.183623
470000 3249422.909405 2848800.046628
480000 3611957.176545 3722721.987308
490000 3133134.199849 2733601.232205
500000 3600753.597399 3704455.022063
510000 3253168.043480 2837824.821741
520000 3629241.440382 3670248.629347
530000 2169968.969116 2799097.038758
540000 2659777.724149 3753448.559060
550000 2170643.745132 2788317.166028
560000 2514276.149774 3610440.509395
570000 2361976.612089 2846329.188867
580000 2735940.904205 3729642.342089
590000 2239339.803153 2820215.622979
600000 2583593.736258 3588860.714671
610000 2415717.124499 2810119.696173
620000 2794222.906284 3700357.245619
630000 2405525.248653 2826658.758962
640000 2338961.795160 2731826.464685
650000 2692993.816140 3680677.823662
660000 2362755.016311 2738519.555498
670000 2715044.436058 3532150.381376
680000 2408655.273194 2704533.045963
690000 2923692.998320 3643701.273021
700000 2554009.287793 2812031.626004
710000 2956731.868795 3467881.468476
720000 2799943.402255 3502424.161535
730000 2588388.540068 2780972.785347
740000 2505889.458233 2690407.647840
750000 2852468.004380 3488151.544502
760000 3030148.152037 3621689.727935
770000 2556846.305807 2662411.878921
780000 3046682.880462 3610114.719449
790000 2693680.935832 2794159.955280
800000 2544452.151590 2676022.415675
810000 3026316.681736 3545439.964982
820000 3066814.235784 3593178.821503
830000 2617612.796294 2681225.458166
840000 2942315.268163 3410099.614896
850000 2781116.590042 2732410.029268
860000 3008069.064818 3414347.732339
870000 2687733.704238 2614725.051337
880000 3147760.825850 3563495.008035
890000 2785275.079353 2720908.156231
900000 2707411.492936 2600982.044120
910000 3190688.597338 3550825.270128
920000 2830281.551487 2699573.814174
930000 3207268.406847 3541593.273017
940000 2857982.495915 2692401.094610
950000 2849676.900783 2701158.608246
960000 3259641.442158 3529906.535613
970000 2881928.666050 2678820.380838
980000 3137328.329756 3358908.347110
990000 2896000.505999 2684268.730852
1000000 3276272.772917 3511056.901017
